Determining if the pthread_create exist failed with the following output:
Change Dir: /home/tong/lsc_ws/build/CMakeFiles/CMakeTmp

Run Build Command:"/usr/bin/make" "cmTC_1cb6a/fast"
/usr/bin/make -f CMakeFiles/cmTC_1cb6a.dir/build.make CMakeFiles/cmTC_1cb6a.dir/build
make[1]: Entering directory '/home/tong/lsc_ws/build/CMakeFiles/CMakeTmp'
Building C object CMakeFiles/cmTC_1cb6a.dir/CheckSymbolExists.c.o
/usr/bin/cc     -o CMakeFiles/cmTC_1cb6a.dir/CheckSymbolExists.c.o   -c /home/tong/lsc_ws/build/CMakeFiles/CMakeTmp/CheckSymbolExists.c
Linking C executable cmTC_1cb6a
/usr/bin/cmake -E cmake_link_script CMakeFiles/cmTC_1cb6a.dir/link.txt --verbose=1
/usr/bin/cc       CMakeFiles/cmTC_1cb6a.dir/CheckSymbolExists.c.o  -o cmTC_1cb6a -rdynamic 
CMakeFiles/cmTC_1cb6a.dir/CheckSymbolExists.c.o：在函数‘main’中：
CheckSymbolExists.c:(.text+0x16)：对‘pthread_create’未定义的引用
collect2: error: ld returned 1 exit status
CMakeFiles/cmTC_1cb6a.dir/build.make:97: recipe for target 'cmTC_1cb6a' failed
make[1]: *** [cmTC_1cb6a] Error 1
make[1]: Leaving directory '/home/tong/lsc_ws/build/CMakeFiles/CMakeTmp'
Makefile:126: recipe for target 'cmTC_1cb6a/fast' failed
make: *** [cmTC_1cb6a/fast] Error 2

File /home/tong/lsc_ws/build/CMakeFiles/CMakeTmp/CheckSymbolExists.c:
/* */
#include <pthread.h>

int main(int argc, char** argv)
{
  (void)argv;
#ifndef pthread_create
  return ((int*)(&pthread_create))[argc];
#else
  (void)argc;
  return 0;
#endif
}

Determining if the function pthread_create exists in the pthreads failed with the following output:
Change Dir: /home/tong/lsc_ws/build/CMakeFiles/CMakeTmp

Run Build Command:"/usr/bin/make" "cmTC_9352c/fast"
/usr/bin/make -f CMakeFiles/cmTC_9352c.dir/build.make CMakeFiles/cmTC_9352c.dir/build
make[1]: Entering directory '/home/tong/lsc_ws/build/CMakeFiles/CMakeTmp'
Building C object CMakeFiles/cmTC_9352c.dir/CheckFunctionExists.c.o
/usr/bin/cc    -DCHECK_FUNCTION_EXISTS=pthread_create   -o CMakeFiles/cmTC_9352c.dir/CheckFunctionExists.c.o   -c /usr/share/cmake-3.5/Modules/CheckFunctionExists.c
Linking C executable cmTC_9352c
/usr/bin/cmake -E cmake_link_script CMakeFiles/cmTC_9352c.dir/link.txt --verbose=1
/usr/bin/cc   -DCHECK_FUNCTION_EXISTS=pthread_create    CMakeFiles/cmTC_9352c.dir/CheckFunctionExists.c.o  -o cmTC_9352c -rdynamic -lpthreads 
/usr/bin/ld: 找不到 -lpthreads
collect2: error: ld returned 1 exit status
CMakeFiles/cmTC_9352c.dir/build.make:97: recipe for target 'cmTC_9352c' failed
make[1]: *** [cmTC_9352c] Error 1
make[1]: Leaving directory '/home/tong/lsc_ws/build/CMakeFiles/CMakeTmp'
Makefile:126: recipe for target 'cmTC_9352c/fast' failed
make: *** [cmTC_9352c/fast] Error 2


